#-----------------------------------------------------------
# Vivado v2017.4 (64-bit)
# SW Build 2086221 on Fri Dec 15 20:55:39 MST 2017
# IP Build 2085800 on Fri Dec 15 22:25:07 MST 2017
# Start of session at: Wed Apr 13 22:26:11 2022
# Process ID: 19888
# Current directory: E:/2-lab2/2-lab1
# Command line: vivado.exe -gui_launcher_event rodinguilauncherevent25764 E:\2-lab2\2-lab1\2-lab1.xpr
# Log file: E:/2-lab2/2-lab1/vivado.log
# Journal file: E:/2-lab2/2-lab1\vivado.jou
#-----------------------------------------------------------
start_gui
open_project E:/2-lab2/2-lab1/2-lab1.xpr
CRITICAL WARNING: [Project 1-19] Could not find the file 'E:/computer_system/sys3/sys3lab-2022-stu/src/lab2/lab2.coe'.
Scanning sources...
Finished scanning sources
INFO: [IP_Flow 19-234] Refreshing IP repositories
INFO: [IP_Flow 19-1704] No user IP repositories specified
INFO: [IP_Flow 19-2313] Loaded Vivado IP repository 'D:/1vivado/Vivado/2017.4/data/ip'.
open_project: Time (s): cpu = 00:00:12 ; elapsed = 00:00:07 . Memory (MB): peak = 813.125 ; gain = 94.430
exit
INFO: [Common 17-206] Exiting Vivado at Wed Apr 13 22:26:36 2022...
