#-----------------------------------------------------------
# Vivado v2017.4 (64-bit)
# SW Build 2086221 on Fri Dec 15 20:55:39 MST 2017
# IP Build 2085800 on Fri Dec 15 22:25:07 MST 2017
# Start of session at: Sun Apr  3 19:27:14 2022
# Process ID: 29408
# Current directory: I:/2-lab2/2-lab1
# Command line: vivado.exe -gui_launcher_event rodinguilauncherevent24432 I:\2-lab2\2-lab1\2-lab1.xpr
# Log file: I:/2-lab2/2-lab1/vivado.log
# Journal file: I:/2-lab2/2-lab1\vivado.jou
#-----------------------------------------------------------
start_gui
open_project I:/2-lab2/2-lab1/2-lab1.xpr
CRITICAL WARNING: [Project 1-19] Could not find the file 'I:/computer_system/sys3/build/kernel.coe'.
CRITICAL WARNING: [Project 1-19] Could not find the file 'I:/computer_system/sys3/lab0/build/kernel.coe'.
CRITICAL WARNING: [Project 1-19] Could not find the file 'I:/computer_system/sys3/sys3lab-2022-stu/src/lab2/lab2.coe'.
Scanning sources...
Finished scanning sources
INFO: [IP_Flow 19-234] Refreshing IP repositories
INFO: [IP_Flow 19-1704] No user IP repositories specified
INFO: [IP_Flow 19-2313] Loaded Vivado IP repository 'H:/anzhuang3/Vivado/2017.4/data/ip'.
open_project: Time (s): cpu = 00:00:16 ; elapsed = 00:00:09 . Memory (MB): peak = 817.164 ; gain = 119.301
update_compile_order -fileset sources_1
reset_run synth_1
launch_runs impl_1 -to_step write_bitstream -jobs 8
INFO: [Vivado 12-4149] The synthesis checkpoint for IP 'I:/2-lab2/2-lab1/2-lab1.srcs/sources_1/ip/BRAM/BRAM.xci' is already up-to-date
[Sun Apr  3 19:28:05 2022] Launched synth_1...
Run output will be captured here: I:/2-lab2/2-lab1/2-lab1.runs/synth_1/runme.log
[Sun Apr  3 19:28:05 2022] Launched impl_1...
Run output will be captured here: I:/2-lab2/2-lab1/2-lab1.runs/impl_1/runme.log
export_ip_user_files -of_objects  [get_files I:/2-lab2/2-lab1/build-simp/kernel.coe] -no_script -reset -force -quiet
remove_files  I:/2-lab2/2-lab1/build-simp/kernel.coe
export_ip_user_files -of_objects  [get_files I:/computer_system/sys3/build/kernel.coe] -no_script -reset -force -quiet
remove_files  I:/computer_system/sys3/build/kernel.coe
export_ip_user_files -of_objects  [get_files I:/computer_system/sys3/lab0/build/kernel.coe] -no_script -reset -force -quiet
remove_files  I:/computer_system/sys3/lab0/build/kernel.coe
export_ip_user_files -of_objects  [get_files I:/computer_system/sys3/sys3lab-2022-stu/src/lab2/lab2.coe] -no_script -reset -force -quiet
remove_files  I:/computer_system/sys3/sys3lab-2022-stu/src/lab2/lab2.coe
reset_run synth_1
launch_runs synth_1 -jobs 8
INFO: [Vivado 12-4149] The synthesis checkpoint for IP 'I:/2-lab2/2-lab1/2-lab1.srcs/sources_1/ip/BRAM/BRAM.xci' is already up-to-date
[Sun Apr  3 19:29:04 2022] Launched synth_1...
Run output will be captured here: I:/2-lab2/2-lab1/2-lab1.runs/synth_1/runme.log
reset_run synth_1
exit
INFO: [Common 17-206] Exiting Vivado at Sun Apr  3 19:30:45 2022...
