Copyright 1986-2017 Xilinx, Inc. All Rights Reserved.
-------------------------------------------------------------------------------------------------------------------------------
| Tool Version     : Vivado v.2017.4 (win64) Build 2086221 Fri Dec 15 20:55:39 MST 2017
| Date             : Mon Apr  4 10:31:13 2022
| Host             : LAPTOP-CPCHBKL6 running 64-bit major release  (build 9200)
| Command          : report_power -file Top_power_routed.rpt -pb Top_power_summary_routed.pb -rpx Top_power_routed.rpx
| Design           : Top
| Device           : xc7a100tcsg324-3
| Design State     : routed
| Grade            : extended
| Process          : typical
| Characterization : Production
-------------------------------------------------------------------------------------------------------------------------------

Power Report

Table of Contents
-----------------
1. Summary
1.1 On-Chip Components
1.2 Power Supply Summary
1.3 Confidence Level
2. Settings
2.1 Environment
2.2 Clock Constraints
3. Detailed Reports
3.1 By Hierarchy

1. Summary
----------

+--------------------------+--------------+
| Total On-Chip Power (W)  | 0.216        |
| Design Power Budget (W)  | Unspecified* |
| Power Budget Margin (W)  | NA           |
| Dynamic (W)              | 0.118        |
| Device Static (W)        | 0.098        |
| Effective TJA (C/W)      | 4.6          |
| Max Ambient (C)          | 99.0         |
| Junction Temperature (C) | 26.0         |
| Confidence Level         | Low          |
| Setting File             | ---          |
| Simulation Activity File | ---          |
| Design Nets Matched      | NA           |
+--------------------------+--------------+
* Specify Design Power Budget using, set_operating_conditions -design_power_budget <value in Watts>


1.1 On-Chip Components
----------------------

+----------------+-----------+----------+-----------+-----------------+
| On-Chip        | Power (W) | Used     | Available | Utilization (%) |
+----------------+-----------+----------+-----------+-----------------+
| Clocks         |     0.001 |        3 |       --- |             --- |
| Slice Logic    |     0.020 |    22107 |       --- |             --- |
|   LUT as Logic |     0.018 |     6665 |     63400 |           10.51 |
|   Register     |     0.001 |    11685 |    126800 |            9.22 |
|   F7/F8 Muxes  |     0.001 |     3324 |     63400 |            5.24 |
|   CARRY4       |    <0.001 |       84 |     15850 |            0.53 |
|   BUFG         |    <0.001 |        3 |        32 |            9.38 |
|   Others       |     0.000 |       39 |       --- |             --- |
| Signals        |     0.050 |    14901 |       --- |             --- |
| Block RAM      |     0.001 |        4 |       135 |            2.96 |
| I/O            |     0.045 |       61 |       210 |           29.05 |
| Static Power   |     0.098 |          |           |                 |
| Total          |     0.216 |          |           |                 |
+----------------+-----------+----------+-----------+-----------------+


1.2 Power Supply Summary
------------------------

+-----------+-------------+-----------+-------------+------------+
| Source    | Voltage (V) | Total (A) | Dynamic (A) | Static (A) |
+-----------+-------------+-----------+-------------+------------+
| Vccint    |       1.000 |     0.088 |       0.073 |      0.015 |
| Vccaux    |       1.800 |     0.020 |       0.002 |      0.018 |
| Vcco33    |       3.300 |     0.017 |       0.013 |      0.004 |
| Vcco25    |       2.500 |     0.000 |       0.000 |      0.000 |
| Vcco18    |       1.800 |     0.000 |       0.000 |      0.000 |
| Vcco15    |       1.500 |     0.000 |       0.000 |      0.000 |
| Vcco135   |       1.350 |     0.000 |       0.000 |      0.000 |
| Vcco12    |       1.200 |     0.000 |       0.000 |      0.000 |
| Vccaux_io |       1.800 |     0.000 |       0.000 |      0.000 |
| Vccbram   |       1.000 |     0.000 |       0.000 |      0.000 |
| MGTAVcc   |       1.000 |     0.000 |       0.000 |      0.000 |
| MGTAVtt   |       1.200 |     0.000 |       0.000 |      0.000 |
| Vccadc    |       1.800 |     0.020 |       0.000 |      0.020 |
+-----------+-------------+-----------+-------------+------------+


1.3 Confidence Level
--------------------

+-----------------------------+------------+--------------------------------------------------------+--------------------------------------------------------------------------------------------------------------------+
| User Input Data             | Confidence | Details                                                | Action                                                                                                             |
+-----------------------------+------------+--------------------------------------------------------+--------------------------------------------------------------------------------------------------------------------+
| Design implementation state | High       | Design is routed                                       |                                                                                                                    |
| Clock nodes activity        | Low        | User specified less than 75% of clocks                 | Provide missing clock activity with a constraint file, simulation results or by editing the "By Clock Domain" view |
| I/O nodes activity          | Low        | More than 75% of inputs are missing user specification | Provide missing input activity with simulation results or by editing the "By Resource Type -> I/Os" view           |
| Internal nodes activity     | Medium     | User specified less than 25% of internal nodes         | Provide missing internal nodes activity with simulation results or by editing the "By Resource Type" views         |
| Device models               | High       | Device models are Production                           |                                                                                                                    |
|                             |            |                                                        |                                                                                                                    |
| Overall confidence level    | Low        |                                                        |                                                                                                                    |
+-----------------------------+------------+--------------------------------------------------------+--------------------------------------------------------------------------------------------------------------------+


2. Settings
-----------

2.1 Environment
---------------

+-----------------------+--------------------------+
| Ambient Temp (C)      | 25.0                     |
| ThetaJA (C/W)         | 4.6                      |
| Airflow (LFM)         | 250                      |
| Heat Sink             | medium (Medium Profile)  |
| ThetaSA (C/W)         | 4.6                      |
| Board Selection       | medium (10"x10")         |
| # of Board Layers     | 12to15 (12 to 15 Layers) |
| Board Temperature (C) | 25.0                     |
+-----------------------+--------------------------+


2.2 Clock Constraints
---------------------

+-------+--------+-----------------+
| Clock | Domain | Constraint (ns) |
+-------+--------+-----------------+
| clk   | clk    |            10.0 |
+-------+--------+-----------------+


3. Detailed Reports
-------------------

3.1 By Hierarchy
----------------

+--------------------------------------------------+-----------+
| Name                                             | Power (W) |
+--------------------------------------------------+-----------+
| Top                                              |     0.118 |
|   chip_inst                                      |     0.059 |
|     Cache                                        |     0.016 |
|     I_Cache                                      |     0.004 |
|     LatencyMemory                                |     0.001 |
|       Data                                       |     0.001 |
|         U0                                       |     0.001 |
|           inst_blk_mem_gen                       |     0.001 |
|             gnbram.gnativebmg.native_blk_mem_gen |     0.001 |
|               valid.cstr                         |     0.001 |
|                 ramloop[0].ram.r                 |    <0.001 |
|                   prim_noinit.ram                |    <0.001 |
|                 ramloop[1].ram.r                 |    <0.001 |
|                   prim_noinit.ram                |    <0.001 |
|       mem_valid_sig                              |    <0.001 |
|     cpu                                          |     0.031 |
|       CSR                                        |    <0.001 |
|       IF                                         |    <0.001 |
|       IF_ID                                      |     0.001 |
|       Regs                                       |     0.006 |
|       ex_mem                                     |     0.013 |
|       forwardMuxB                                |    <0.001 |
|       id_ex                                      |     0.008 |
|       mem_wb                                     |    <0.001 |
|       mux2                                       |     0.002 |
|       pcmux                                      |    <0.001 |
|     iLatencyMemory                               |     0.006 |
|       Instruction                                |     0.006 |
|         U0                                       |     0.006 |
|           inst_blk_mem_gen                       |     0.006 |
|             gnbram.gnativebmg.native_blk_mem_gen |     0.006 |
|               valid.cstr                         |     0.006 |
|                 ramloop[0].ram.r                 |     0.003 |
|                   prim_init.ram                  |     0.003 |
|                 ramloop[1].ram.r                 |     0.003 |
|                   prim_init.ram                  |     0.003 |
|   io_manager_inst                                |     0.009 |
|     bd0                                          |    <0.001 |
|     bdr                                          |    <0.001 |
|     counter_inst                                 |    <0.001 |
|     sm                                           |    <0.001 |
+--------------------------------------------------+-----------+


