Copyright 1986-2017 Xilinx, Inc. All Rights Reserved.
------------------------------------------------------------------------------------
| Tool Version : Vivado v.2017.4 (win64) Build 2086221 Fri Dec 15 20:55:39 MST 2017
| Date         : Mon Apr  4 10:30:12 2022
| Host         : LAPTOP-CPCHBKL6 running 64-bit major release  (build 9200)
| Command      : report_control_sets -verbose -file Top_control_sets_placed.rpt
| Design       : Top
| Device       : xc7a100t
------------------------------------------------------------------------------------

Control Set Information

Table of Contents
-----------------
1. Summary
2. Flip-Flop Distribution
3. Detailed Control Set Information

1. Summary
----------

+----------------------------------------------------------+-------+
|                          Status                          | Count |
+----------------------------------------------------------+-------+
| Number of unique control sets                            |   310 |
| Unused register locations in slices containing registers |   811 |
+----------------------------------------------------------+-------+


2. Flip-Flop Distribution
-------------------------

+--------------+-----------------------+------------------------+-----------------+--------------+
| Clock Enable | Synchronous Set/Reset | Asynchronous Set/Reset | Total Registers | Total Slices |
+--------------+-----------------------+------------------------+-----------------+--------------+
| No           | No                    | No                     |              74 |           33 |
| No           | No                    | Yes                    |             136 |           65 |
| No           | Yes                   | No                     |              32 |           14 |
| Yes          | No                    | No                     |              40 |           10 |
| Yes          | No                    | Yes                    |           11363 |         5749 |
| Yes          | Yes                   | No                     |              40 |           10 |
+--------------+-----------------------+------------------------+-----------------+--------------+


3. Detailed Control Set Information
-----------------------------------

+---------------------------------------------------+------------------------------------------------+---------------------------------------+------------------+----------------+
|                    Clock Signal                   |                  Enable Signal                 |            Set/Reset Signal           | Slice Load Count | Bel Load Count |
+---------------------------------------------------+------------------------------------------------+---------------------------------------+------------------+----------------+
|  chip_inst/cpu/ex_mem/mem_readcsraddr_reg[1]_0[0] |                                                |                                       |                1 |              2 |
|  cpu_clk                                          |                                                |                                       |                1 |              3 |
|  clk_IBUF_BUFG                                    |                                                |                                       |                3 |              5 |
|  io_manager_inst/counter_inst/S[0]                |                                                | io_manager_inst/rst                   |                5 |             11 |
|  clk_IBUF_BUFG                                    |                                                | io_manager_inst/rst                   |                8 |             17 |
|  clk_IBUF_BUFG                                    | io_manager_inst/bdr/buffer[0]_i_1_n_1          |                                       |                5 |             20 |
|  clk_IBUF_BUFG                                    | io_manager_inst/bd0/buffer[0]_i_1__0_n_1       |                                       |                5 |             20 |
| ~cpu_clk                                          | chip_inst/cpu/mem_wb/csr_reg[2][0][0]          | io_manager_inst/rst                   |                9 |             32 |
|  cpu_clk                                          | chip_inst/cpu/IF_ID/E[0]                       | io_manager_inst/rst                   |               10 |             32 |
| ~cpu_clk                                          | chip_inst/cpu/mem_wb/csr_reg[3][31][0]         | io_manager_inst/rst                   |               15 |             32 |
| ~cpu_clk                                          | chip_inst/cpu/mem_wb/csr_reg[5][31][0]         | io_manager_inst/rst                   |               12 |             32 |
| ~cpu_clk                                          | chip_inst/cpu/mem_wb/csr_reg[1][31][0]         | io_manager_inst/rst                   |               15 |             32 |
| ~cpu_clk                                          | chip_inst/cpu/mem_wb/E[0]                      | io_manager_inst/rst                   |               13 |             32 |
| ~cpu_clk                                          | chip_inst/cpu/mem_wb/csr_reg[7][31][0]         | io_manager_inst/rst                   |               12 |             32 |
| ~cpu_clk                                          | chip_inst/cpu/mem_wb/csr_reg[6][31][0]         | io_manager_inst/rst                   |               12 |             32 |
| ~cpu_clk                                          | chip_inst/cpu/mem_wb/csr_reg[4][31][0]         | io_manager_inst/rst                   |               13 |             32 |
| ~cpu_clk                                          | chip_inst/cpu/mem_wb/register_reg[1][0][0]     | io_manager_inst/rst                   |               18 |             32 |
| ~cpu_clk                                          | chip_inst/cpu/mem_wb/register_reg[25][31][0]   | io_manager_inst/rst                   |               27 |             32 |
| ~cpu_clk                                          | chip_inst/cpu/mem_wb/register_reg[19][31][0]   | io_manager_inst/rst                   |               20 |             32 |
| ~cpu_clk                                          | chip_inst/cpu/mem_wb/register_reg[17][31][0]   | io_manager_inst/rst                   |               20 |             32 |
| ~cpu_clk                                          | chip_inst/cpu/mem_wb/register_reg[23][31][0]   | io_manager_inst/rst                   |               21 |             32 |
| ~cpu_clk                                          | chip_inst/cpu/mem_wb/register_reg[11][31][0]   | io_manager_inst/rst                   |               16 |             32 |
| ~cpu_clk                                          | chip_inst/cpu/mem_wb/register_reg[21][31][0]   | io_manager_inst/rst                   |               18 |             32 |
| ~cpu_clk                                          | chip_inst/cpu/mem_wb/register_reg[30][31][0]   | io_manager_inst/rst                   |               27 |             32 |
| ~cpu_clk                                          | chip_inst/cpu/mem_wb/register_reg[29][31][0]   | io_manager_inst/rst                   |               25 |             32 |
| ~cpu_clk                                          | chip_inst/cpu/mem_wb/register_reg[20][31][0]   | io_manager_inst/rst                   |               15 |             32 |
| ~cpu_clk                                          | chip_inst/cpu/mem_wb/register_reg[10][31][0]   | io_manager_inst/rst                   |               16 |             32 |
| ~cpu_clk                                          | chip_inst/cpu/mem_wb/register_reg[28][31][0]   | io_manager_inst/rst                   |               22 |             32 |
| ~cpu_clk                                          | chip_inst/cpu/mem_wb/register_reg[24][31][0]   | io_manager_inst/rst                   |               16 |             32 |
| ~cpu_clk                                          | chip_inst/cpu/mem_wb/register_reg[2][31][0]    | io_manager_inst/rst                   |               16 |             32 |
| ~cpu_clk                                          | chip_inst/cpu/mem_wb/register_reg[15][31][0]   | io_manager_inst/rst                   |               20 |             32 |
| ~cpu_clk                                          | chip_inst/cpu/mem_wb/register_reg[16][31][0]   | io_manager_inst/rst                   |               17 |             32 |
| ~cpu_clk                                          | chip_inst/cpu/mem_wb/register_reg[26][31][0]   | io_manager_inst/rst                   |               21 |             32 |
| ~cpu_clk                                          | chip_inst/cpu/mem_wb/register_reg[18][31][0]   | io_manager_inst/rst                   |               17 |             32 |
| ~cpu_clk                                          | chip_inst/cpu/mem_wb/register_reg[27][31][0]   | io_manager_inst/rst                   |               20 |             32 |
| ~cpu_clk                                          | chip_inst/cpu/mem_wb/register_reg[13][31][0]   | io_manager_inst/rst                   |               20 |             32 |
| ~cpu_clk                                          | chip_inst/cpu/mem_wb/register_reg[22][31][0]   | io_manager_inst/rst                   |               28 |             32 |
| ~cpu_clk                                          | chip_inst/cpu/mem_wb/register_reg[14][31][0]   | io_manager_inst/rst                   |               19 |             32 |
| ~cpu_clk                                          | chip_inst/cpu/mem_wb/register_reg[12][31][0]   | io_manager_inst/rst                   |               23 |             32 |
| ~cpu_clk                                          | chip_inst/cpu/mem_wb/register_reg[9][31][0]    | io_manager_inst/rst                   |               22 |             32 |
| ~cpu_clk                                          | chip_inst/cpu/mem_wb/register_reg[6][31][0]    | io_manager_inst/rst                   |               23 |             32 |
| ~cpu_clk                                          | chip_inst/cpu/mem_wb/register_reg[8][31][0]    | io_manager_inst/rst                   |               23 |             32 |
| ~cpu_clk                                          | chip_inst/cpu/mem_wb/register_reg[31][31]_4[0] | io_manager_inst/rst                   |               28 |             32 |
| ~cpu_clk                                          | chip_inst/cpu/mem_wb/register_reg[7][31][0]    | io_manager_inst/rst                   |               27 |             32 |
| ~cpu_clk                                          | chip_inst/cpu/mem_wb/register_reg[5][31][0]    | io_manager_inst/rst                   |               21 |             32 |
| ~cpu_clk                                          | chip_inst/cpu/mem_wb/register_reg[3][31][0]    | io_manager_inst/rst                   |               16 |             32 |
| ~cpu_clk                                          | chip_inst/cpu/mem_wb/register_reg[4][31][0]    | io_manager_inst/rst                   |               19 |             32 |
|  n_0_40_BUFG                                      |                                                |                                       |               17 |             32 |
|  mem_req_valid                                    |                                                |                                       |               11 |             32 |
|  cpu_clk                                          | chip_inst/cpu/ex_mem/valid_reg[30][0]          | io_manager_inst/rst                   |               25 |             37 |
|  cpu_clk                                          | chip_inst/cpu/ex_mem/valid_reg[36][0]          | io_manager_inst/rst                   |               19 |             37 |
|  cpu_clk                                          | chip_inst/cpu/ex_mem/valid_reg[3][0]           | io_manager_inst/rst                   |               17 |             37 |
|  cpu_clk                                          | chip_inst/cpu/ex_mem/valid_reg[26][0]          | io_manager_inst/rst                   |               17 |             37 |
|  cpu_clk                                          | chip_inst/cpu/ex_mem/valid_reg[42][0]          | io_manager_inst/rst                   |               21 |             37 |
|  cpu_clk                                          | chip_inst/cpu/ex_mem/valid_reg[124][0]         | io_manager_inst/rst                   |               18 |             37 |
|  cpu_clk                                          | chip_inst/cpu/ex_mem/valid_reg[15][0]          | io_manager_inst/rst                   |               18 |             37 |
|  cpu_clk                                          | chip_inst/cpu/ex_mem/valid_reg[11][0]          | io_manager_inst/rst                   |               19 |             37 |
|  cpu_clk                                          | chip_inst/cpu/ex_mem/valid_reg[29][0]          | io_manager_inst/rst                   |               15 |             37 |
|  cpu_clk                                          | chip_inst/cpu/ex_mem/valid_reg[33][0]          | io_manager_inst/rst                   |               26 |             37 |
|  cpu_clk                                          | chip_inst/cpu/ex_mem/valid_reg[38][0]          | io_manager_inst/rst                   |               18 |             37 |
|  cpu_clk                                          | chip_inst/cpu/ex_mem/valid_reg[40][0]          | io_manager_inst/rst                   |               19 |             37 |
|  cpu_clk                                          | chip_inst/cpu/ex_mem/valid_reg[44][0]          | io_manager_inst/rst                   |               20 |             37 |
|  cpu_clk                                          | chip_inst/cpu/ex_mem/valid_reg[46][0]          | io_manager_inst/rst                   |               25 |             37 |
|  cpu_clk                                          | chip_inst/cpu/ex_mem/valid_reg[32][0]          | io_manager_inst/rst                   |               27 |             37 |
|  cpu_clk                                          | chip_inst/cpu/ex_mem/valid_reg[127][0]         | io_manager_inst/rst                   |               28 |             37 |
|  cpu_clk                                          | chip_inst/cpu/ex_mem/valid_reg[22][0]          | io_manager_inst/rst                   |               18 |             37 |
|  cpu_clk                                          | chip_inst/cpu/ex_mem/valid_reg[2][0]           | io_manager_inst/rst                   |               13 |             37 |
|  cpu_clk                                          | chip_inst/cpu/ex_mem/valid_reg[16][0]          | io_manager_inst/rst                   |               22 |             37 |
|  cpu_clk                                          | chip_inst/cpu/ex_mem/valid_reg[39][0]          | io_manager_inst/rst                   |               18 |             37 |
|  cpu_clk                                          | chip_inst/cpu/ex_mem/valid_reg[20][0]          | io_manager_inst/rst                   |               21 |             37 |
|  cpu_clk                                          | chip_inst/cpu/ex_mem/valid_reg[47][0]          | io_manager_inst/rst                   |               27 |             37 |
|  cpu_clk                                          | chip_inst/cpu/ex_mem/valid_reg[109][0]         | io_manager_inst/rst                   |               20 |             37 |
|  cpu_clk                                          | chip_inst/cpu/ex_mem/valid_reg[13][0]          | io_manager_inst/rst                   |               19 |             37 |
|  cpu_clk                                          | chip_inst/cpu/ex_mem/valid_reg[35][0]          | io_manager_inst/rst                   |               21 |             37 |
|  cpu_clk                                          | chip_inst/cpu/ex_mem/valid_reg[45][0]          | io_manager_inst/rst                   |               23 |             37 |
|  cpu_clk                                          | chip_inst/cpu/ex_mem/valid_reg[119][0]         | io_manager_inst/rst                   |               17 |             37 |
|  cpu_clk                                          | chip_inst/cpu/ex_mem/valid_reg[118][0]         | io_manager_inst/rst                   |               19 |             37 |
|  cpu_clk                                          | chip_inst/cpu/ex_mem/valid_reg[19][0]          | io_manager_inst/rst                   |               20 |             37 |
|  cpu_clk                                          | chip_inst/cpu/ex_mem/valid_reg[48][0]          | io_manager_inst/rst                   |               28 |             37 |
|  cpu_clk                                          | chip_inst/cpu/ex_mem/valid_reg[14][0]          | io_manager_inst/rst                   |               16 |             37 |
|  cpu_clk                                          | chip_inst/cpu/ex_mem/valid_reg[34][0]          | io_manager_inst/rst                   |               22 |             37 |
|  cpu_clk                                          | chip_inst/cpu/ex_mem/valid_reg[116][0]         | io_manager_inst/rst                   |               22 |             37 |
|  cpu_clk                                          | chip_inst/cpu/ex_mem/valid_reg[58][0]          | io_manager_inst/rst                   |               24 |             37 |
|  cpu_clk                                          | chip_inst/cpu/ex_mem/valid_reg[90][0]          | io_manager_inst/rst                   |               19 |             37 |
|  cpu_clk                                          | chip_inst/cpu/ex_mem/valid_reg[96][0]          | io_manager_inst/rst                   |               21 |             37 |
|  cpu_clk                                          | chip_inst/cpu/ex_mem/valid_reg[62][0]          | io_manager_inst/rst                   |               26 |             37 |
|  cpu_clk                                          | chip_inst/cpu/ex_mem/valid_reg[89][0]          | io_manager_inst/rst                   |               18 |             37 |
|  cpu_clk                                          | chip_inst/cpu/ex_mem/valid_reg[54][0]          | io_manager_inst/rst                   |               22 |             37 |
|  cpu_clk                                          | chip_inst/cpu/ex_mem/valid_reg[52][0]          | io_manager_inst/rst                   |               23 |             37 |
|  cpu_clk                                          | chip_inst/cpu/ex_mem/valid_reg[75][0]          | io_manager_inst/rst                   |               17 |             37 |
|  cpu_clk                                          | chip_inst/cpu/ex_mem/valid_reg[82][0]          | io_manager_inst/rst                   |               21 |             37 |
|  cpu_clk                                          | chip_inst/cpu/ex_mem/valid_reg[66][0]          | io_manager_inst/rst                   |               20 |             37 |
|  cpu_clk                                          | chip_inst/cpu/ex_mem/valid_reg[92][0]          | io_manager_inst/rst                   |               18 |             37 |
|  cpu_clk                                          | chip_inst/cpu/ex_mem/valid_reg[6][0]           | io_manager_inst/rst                   |               23 |             37 |
|  cpu_clk                                          | chip_inst/cpu/ex_mem/valid_reg[72][0]          | io_manager_inst/rst                   |               18 |             37 |
|  cpu_clk                                          | chip_inst/cpu/ex_mem/valid_reg[97][0]          | io_manager_inst/rst                   |               20 |             37 |
|  cpu_clk                                          | chip_inst/cpu/ex_mem/valid_reg[88][0]          | io_manager_inst/rst                   |               18 |             37 |
|  cpu_clk                                          | chip_inst/cpu/ex_mem/valid_reg[68][0]          | io_manager_inst/rst                   |               21 |             37 |
|  cpu_clk                                          | chip_inst/cpu/ex_mem/valid_reg[71][0]          | io_manager_inst/rst                   |               17 |             37 |
|  cpu_clk                                          | chip_inst/cpu/ex_mem/valid_reg[77][0]          | io_manager_inst/rst                   |               20 |             37 |
|  cpu_clk                                          | chip_inst/cpu/ex_mem/valid_reg[55][0]          | io_manager_inst/rst                   |               23 |             37 |
|  cpu_clk                                          | chip_inst/cpu/ex_mem/valid_reg[73][0]          | io_manager_inst/rst                   |               16 |             37 |
|  cpu_clk                                          | chip_inst/cpu/ex_mem/valid_reg[69][0]          | io_manager_inst/rst                   |               20 |             37 |
|  cpu_clk                                          | chip_inst/cpu/ex_mem/valid_reg[51][0]          | io_manager_inst/rst                   |               22 |             37 |
|  cpu_clk                                          | chip_inst/cpu/ex_mem/valid_reg[5][0]           | io_manager_inst/rst                   |               18 |             37 |
|  cpu_clk                                          | chip_inst/cpu/ex_mem/valid_reg[56][0]          | io_manager_inst/rst                   |               23 |             37 |
|  cpu_clk                                          | chip_inst/cpu/ex_mem/valid_reg[76][0]          | io_manager_inst/rst                   |               20 |             37 |
|  cpu_clk                                          | chip_inst/cpu/ex_mem/valid_reg[79][0]          | io_manager_inst/rst                   |               28 |             37 |
|  cpu_clk                                          | chip_inst/cpu/ex_mem/valid_reg[7][0]           | io_manager_inst/rst                   |               18 |             37 |
|  cpu_clk                                          | chip_inst/cpu/ex_mem/valid_reg[57][0]          | io_manager_inst/rst                   |               22 |             37 |
|  cpu_clk                                          | chip_inst/cpu/ex_mem/valid_reg[78][0]          | io_manager_inst/rst                   |               26 |             37 |
|  cpu_clk                                          | chip_inst/cpu/ex_mem/valid_reg[61][0]          | io_manager_inst/rst                   |               24 |             37 |
|  cpu_clk                                          | chip_inst/cpu/ex_mem/valid_reg[65][0]          | io_manager_inst/rst                   |               23 |             37 |
|  cpu_clk                                          | chip_inst/cpu/ex_mem/valid_reg[53][0]          | io_manager_inst/rst                   |               24 |             37 |
|  cpu_clk                                          | chip_inst/cpu/ex_mem/valid_reg[59][0]          | io_manager_inst/rst                   |               25 |             37 |
|  cpu_clk                                          | chip_inst/cpu/ex_mem/valid_reg[74][0]          | io_manager_inst/rst                   |               21 |             37 |
|  cpu_clk                                          | chip_inst/cpu/ex_mem/valid_reg[81][0]          | io_manager_inst/rst                   |               19 |             37 |
|  cpu_clk                                          | chip_inst/cpu/ex_mem/valid_reg[63]_0[0]        | io_manager_inst/rst                   |               27 |             37 |
|  cpu_clk                                          | chip_inst/cpu/ex_mem/valid_reg[83][0]          | io_manager_inst/rst                   |               19 |             37 |
|  cpu_clk                                          | chip_inst/cpu/ex_mem/valid_reg[84][0]          | io_manager_inst/rst                   |               21 |             37 |
|  cpu_clk                                          | chip_inst/cpu/ex_mem/valid_reg[85][0]          | io_manager_inst/rst                   |               19 |             37 |
|  cpu_clk                                          | chip_inst/cpu/ex_mem/valid_reg[80][0]          | io_manager_inst/rst                   |               29 |             37 |
|  cpu_clk                                          | chip_inst/cpu/ex_mem/valid_reg[86][0]          | io_manager_inst/rst                   |               19 |             37 |
|  cpu_clk                                          | chip_inst/cpu/ex_mem/valid_reg[67][0]          | io_manager_inst/rst                   |               16 |             37 |
|  cpu_clk                                          | chip_inst/cpu/ex_mem/valid_reg[64][0]          | io_manager_inst/rst                   |               29 |             37 |
|  cpu_clk                                          | chip_inst/cpu/ex_mem/valid_reg[50][0]          | io_manager_inst/rst                   |               19 |             37 |
|  cpu_clk                                          | chip_inst/cpu/ex_mem/valid_reg[87][0]          | io_manager_inst/rst                   |               17 |             37 |
|  cpu_clk                                          | chip_inst/cpu/ex_mem/valid_reg[8][0]           | io_manager_inst/rst                   |               21 |             37 |
|  cpu_clk                                          | chip_inst/cpu/ex_mem/valid_reg[91][0]          | io_manager_inst/rst                   |               21 |             37 |
|  cpu_clk                                          | chip_inst/cpu/ex_mem/valid_reg[93][0]          | io_manager_inst/rst                   |               21 |             37 |
|  cpu_clk                                          | chip_inst/cpu/ex_mem/valid_reg[60][0]          | io_manager_inst/rst                   |               22 |             37 |
|  cpu_clk                                          | chip_inst/cpu/ex_mem/valid_reg[94][0]          | io_manager_inst/rst                   |               25 |             37 |
|  cpu_clk                                          | chip_inst/cpu/ex_mem/valid_reg[95][0]          | io_manager_inst/rst                   |               24 |             37 |
|  cpu_clk                                          | chip_inst/cpu/ex_mem/valid_reg[99][0]          | io_manager_inst/rst                   |               24 |             37 |
|  cpu_clk                                          | chip_inst/cpu/ex_mem/valid_reg[9][0]           | io_manager_inst/rst                   |               31 |             37 |
|  cpu_clk                                          | chip_inst/cpu/ex_mem/valid_reg[70][0]          | io_manager_inst/rst                   |               17 |             37 |
|  cpu_clk                                          | chip_inst/cpu/ex_mem/valid_reg[98][0]          | io_manager_inst/rst                   |               21 |             37 |
|  cpu_clk                                          | chip_inst/cpu/IF/tags_reg[118][0][0]           | io_manager_inst/rst                   |               20 |             37 |
|  cpu_clk                                          | chip_inst/cpu/IF/tags_reg[100][0][0]           | io_manager_inst/rst                   |               17 |             37 |
|  cpu_clk                                          | chip_inst/cpu/IF/tags_reg[105][0][0]           | io_manager_inst/rst                   |               16 |             37 |
|  cpu_clk                                          | chip_inst/cpu/IF/tags_reg[111][0][0]           | io_manager_inst/rst                   |               15 |             37 |
|  cpu_clk                                          | chip_inst/cpu/IF/tags_reg[101][0][0]           | io_manager_inst/rst                   |               14 |             37 |
|  cpu_clk                                          | chip_inst/cpu/IF/tags_reg[104][0][0]           | io_manager_inst/rst                   |               16 |             37 |
|  cpu_clk                                          | chip_inst/cpu/IF/tags_reg[108][0][0]           | io_manager_inst/rst                   |               14 |             37 |
|  cpu_clk                                          | chip_inst/cpu/IF/tags_reg[0][0][0]             | io_manager_inst/rst                   |               17 |             37 |
|  cpu_clk                                          | chip_inst/cpu/IF/tags_reg[10][0][0]            | io_manager_inst/rst                   |               19 |             37 |
|  cpu_clk                                          | chip_inst/cpu/IF/tags_reg[113][0][0]           | io_manager_inst/rst                   |               17 |             37 |
|  cpu_clk                                          | chip_inst/cpu/IF/tags_reg[102][0][0]           | io_manager_inst/rst                   |               15 |             37 |
|  cpu_clk                                          | chip_inst/cpu/IF/tags_reg[114][0][0]           | io_manager_inst/rst                   |               15 |             37 |
|  cpu_clk                                          | chip_inst/cpu/IF/tags_reg[115][0][0]           | io_manager_inst/rst                   |               15 |             37 |
|  cpu_clk                                          | chip_inst/cpu/IF/tags_reg[117][0][0]           | io_manager_inst/rst                   |               16 |             37 |
|  cpu_clk                                          | chip_inst/cpu/IF/tags_reg[103][0][0]           | io_manager_inst/rst                   |               13 |             37 |
|  cpu_clk                                          | chip_inst/cpu/IF/tags_reg[107][0][0]           | io_manager_inst/rst                   |               11 |             37 |
|  cpu_clk                                          | chip_inst/cpu/IF/tags_reg[112][0][0]           | io_manager_inst/rst                   |               18 |             37 |
|  cpu_clk                                          | chip_inst/cpu/IF/tags_reg[110][0][0]           | io_manager_inst/rst                   |               14 |             37 |
|  cpu_clk                                          | chip_inst/cpu/ex_mem/valid_reg[113][0]         | io_manager_inst/rst                   |               22 |             37 |
|  cpu_clk                                          | chip_inst/cpu/IF/tags_reg[109][0][0]           | io_manager_inst/rst                   |               15 |             37 |
|  cpu_clk                                          | chip_inst/cpu/IF/tags_reg[11][0][0]            | io_manager_inst/rst                   |               16 |             37 |
|  cpu_clk                                          | chip_inst/cpu/IF/tags_reg[120][0][0]           | io_manager_inst/rst                   |               19 |             37 |
|  cpu_clk                                          | chip_inst/cpu/IF/tags_reg[121][0][0]           | io_manager_inst/rst                   |               18 |             37 |
|  cpu_clk                                          | chip_inst/cpu/IF/tags_reg[122][0][0]           | io_manager_inst/rst                   |               20 |             37 |
|  cpu_clk                                          | chip_inst/cpu/IF/tags_reg[106][0][0]           | io_manager_inst/rst                   |               18 |             37 |
|  cpu_clk                                          | chip_inst/cpu/IF/tags_reg[116][0][0]           | io_manager_inst/rst                   |               14 |             37 |
|  cpu_clk                                          | chip_inst/cpu/IF/tags_reg[123][0][0]           | io_manager_inst/rst                   |               16 |             37 |
|  cpu_clk                                          | chip_inst/cpu/IF/tags_reg[124][0][0]           | io_manager_inst/rst                   |               22 |             37 |
|  cpu_clk                                          | chip_inst/cpu/IF/tags_reg[48][0][0]            | io_manager_inst/rst                   |               10 |             37 |
|  cpu_clk                                          | chip_inst/cpu/IF/tags_reg[58][0][0]            | io_manager_inst/rst                   |               11 |             37 |
|  cpu_clk                                          | chip_inst/cpu/IF/tags_reg[5][0][0]             | io_manager_inst/rst                   |               18 |             37 |
|  cpu_clk                                          | chip_inst/cpu/IF/tags_reg[62][0][0]            | io_manager_inst/rst                   |               19 |             37 |
|  cpu_clk                                          | chip_inst/cpu/IF/tags_reg[127][0]_0[0]         | io_manager_inst/rst                   |               32 |             37 |
|  cpu_clk                                          | chip_inst/cpu/IF/tags_reg[26][0][0]            | io_manager_inst/rst                   |               16 |             37 |
|  cpu_clk                                          | chip_inst/cpu/IF/tags_reg[40][0][0]            | io_manager_inst/rst                   |               15 |             37 |
|  cpu_clk                                          | chip_inst/cpu/IF/tags_reg[22][0][0]            | io_manager_inst/rst                   |               17 |             37 |
|  cpu_clk                                          | chip_inst/cpu/IF/tags_reg[34][0][0]            | io_manager_inst/rst                   |               14 |             37 |
|  cpu_clk                                          | chip_inst/cpu/IF/tags_reg[12][0][0]            | io_manager_inst/rst                   |               16 |             37 |
|  cpu_clk                                          | chip_inst/cpu/IF/tags_reg[15][0][0]            | io_manager_inst/rst                   |               15 |             37 |
|  cpu_clk                                          | chip_inst/cpu/IF/tags_reg[27][0][0]            | io_manager_inst/rst                   |               15 |             37 |
|  cpu_clk                                          | chip_inst/cpu/IF/tags_reg[30][0][0]            | io_manager_inst/rst                   |               22 |             37 |
|  cpu_clk                                          | chip_inst/cpu/IF/tags_reg[47][0][0]            | io_manager_inst/rst                   |               26 |             37 |
|  cpu_clk                                          | chip_inst/cpu/IF/tags_reg[19][0][0]            | io_manager_inst/rst                   |               15 |             37 |
|  cpu_clk                                          | chip_inst/cpu/IF/tags_reg[46][0][0]            | io_manager_inst/rst                   |               25 |             37 |
|  cpu_clk                                          | chip_inst/cpu/IF/tags_reg[1][0][0]             | io_manager_inst/rst                   |               14 |             37 |
|  cpu_clk                                          | chip_inst/cpu/IF/tags_reg[38][0][0]            | io_manager_inst/rst                   |               14 |             37 |
|  cpu_clk                                          | chip_inst/cpu/IF/tags_reg[49][0][0]            | io_manager_inst/rst                   |               11 |             37 |
|  cpu_clk                                          | chip_inst/cpu/IF/tags_reg[28][0][0]            | io_manager_inst/rst                   |               15 |             37 |
|  cpu_clk                                          | chip_inst/cpu/IF/tags_reg[4][0][0]             | io_manager_inst/rst                   |               19 |             37 |
|  cpu_clk                                          | chip_inst/cpu/IF/tags_reg[50][0][0]            | io_manager_inst/rst                   |                8 |             37 |
|  cpu_clk                                          | chip_inst/cpu/IF/tags_reg[43][0][0]            | io_manager_inst/rst                   |               14 |             37 |
|  cpu_clk                                          | chip_inst/cpu/IF/tags_reg[53][0][0]            | io_manager_inst/rst                   |               11 |             37 |
|  cpu_clk                                          | chip_inst/cpu/IF/tags_reg[57][0][0]            | io_manager_inst/rst                   |               11 |             37 |
|  cpu_clk                                          | chip_inst/cpu/IF/tags_reg[14][0][0]            | io_manager_inst/rst                   |               15 |             37 |
|  cpu_clk                                          | chip_inst/cpu/IF/tags_reg[60][0][0]            | io_manager_inst/rst                   |               11 |             37 |
|  cpu_clk                                          | chip_inst/cpu/IF/tags_reg[31][0][0]            | io_manager_inst/rst                   |               28 |             37 |
|  cpu_clk                                          | chip_inst/cpu/IF/tags_reg[2][0][0]             | io_manager_inst/rst                   |               15 |             37 |
|  cpu_clk                                          | chip_inst/cpu/IF/tags_reg[18][0][0]            | io_manager_inst/rst                   |               13 |             37 |
|  cpu_clk                                          | chip_inst/cpu/IF/tags_reg[23][0][0]            | io_manager_inst/rst                   |               17 |             37 |
|  cpu_clk                                          | chip_inst/cpu/IF/tags_reg[20][0][0]            | io_manager_inst/rst                   |               14 |             37 |
|  cpu_clk                                          | chip_inst/cpu/IF/tags_reg[33][0][0]            | io_manager_inst/rst                   |               13 |             37 |
|  cpu_clk                                          | chip_inst/cpu/IF/tags_reg[42][0][0]            | io_manager_inst/rst                   |               16 |             37 |
|  cpu_clk                                          | chip_inst/cpu/IF/tags_reg[54][0][0]            | io_manager_inst/rst                   |               10 |             37 |
|  cpu_clk                                          | chip_inst/cpu/IF/tags_reg[56][0][0]            | io_manager_inst/rst                   |               12 |             37 |
|  cpu_clk                                          | chip_inst/cpu/IF/tags_reg[29][0][0]            | io_manager_inst/rst                   |               23 |             37 |
|  cpu_clk                                          | chip_inst/cpu/IF/tags_reg[51][0][0]            | io_manager_inst/rst                   |               12 |             37 |
|  cpu_clk                                          | chip_inst/cpu/IF/tags_reg[64][0][0]            | io_manager_inst/rst                   |               13 |             37 |
|  cpu_clk                                          | chip_inst/cpu/IF/tags_reg[67][0][0]            | io_manager_inst/rst                   |               14 |             37 |
|  cpu_clk                                          | chip_inst/cpu/IF/tags_reg[126][0][0]           | io_manager_inst/rst                   |               25 |             37 |
|  cpu_clk                                          | chip_inst/cpu/IF/tags_reg[44][0][0]            | io_manager_inst/rst                   |               18 |             37 |
|  cpu_clk                                          | chip_inst/cpu/IF/tags_reg[17][0][0]            | io_manager_inst/rst                   |               17 |             37 |
|  cpu_clk                                          | chip_inst/cpu/IF/tags_reg[36][0][0]            | io_manager_inst/rst                   |               14 |             37 |
|  cpu_clk                                          | chip_inst/cpu/IF/tags_reg[39][0][0]            | io_manager_inst/rst                   |               15 |             37 |
|  cpu_clk                                          | chip_inst/cpu/IF/tags_reg[59][0][0]            | io_manager_inst/rst                   |               14 |             37 |
|  cpu_clk                                          | chip_inst/cpu/IF/tags_reg[41][0][0]            | io_manager_inst/rst                   |               13 |             37 |
|  cpu_clk                                          | chip_inst/cpu/IF/tags_reg[37][0][0]            | io_manager_inst/rst                   |               17 |             37 |
|  cpu_clk                                          | chip_inst/cpu/IF/tags_reg[32][0][0]            | io_manager_inst/rst                   |               15 |             37 |
|  cpu_clk                                          | chip_inst/cpu/IF/tags_reg[52][0][0]            | io_manager_inst/rst                   |               11 |             37 |
|  cpu_clk                                          | chip_inst/cpu/IF/tags_reg[55][0][0]            | io_manager_inst/rst                   |               11 |             37 |
|  cpu_clk                                          | chip_inst/cpu/IF/tags_reg[13][0][0]            | io_manager_inst/rst                   |               17 |             37 |
|  cpu_clk                                          | chip_inst/cpu/IF/tags_reg[61][0][0]            | io_manager_inst/rst                   |               13 |             37 |
|  cpu_clk                                          | chip_inst/cpu/IF/tags_reg[65][0][0]            | io_manager_inst/rst                   |               17 |             37 |
|  cpu_clk                                          | chip_inst/cpu/IF/tags_reg[63][0]_1[0]          | io_manager_inst/rst                   |               23 |             37 |
|  cpu_clk                                          | chip_inst/cpu/IF/tags_reg[125][0][0]           | io_manager_inst/rst                   |               20 |             37 |
|  cpu_clk                                          | chip_inst/cpu/IF/tags_reg[21][0][0]            | io_manager_inst/rst                   |               13 |             37 |
|  cpu_clk                                          | chip_inst/cpu/IF/tags_reg[24][0][0]            | io_manager_inst/rst                   |               17 |             37 |
|  cpu_clk                                          | chip_inst/cpu/IF/tags_reg[25][0][0]            | io_manager_inst/rst                   |               14 |             37 |
|  cpu_clk                                          | chip_inst/cpu/IF/tags_reg[66][0][0]            | io_manager_inst/rst                   |               20 |             37 |
|  cpu_clk                                          | chip_inst/cpu/IF/tags_reg[16][0][0]            | io_manager_inst/rst                   |               19 |             37 |
|  cpu_clk                                          | chip_inst/cpu/IF/tags_reg[45][0][0]            | io_manager_inst/rst                   |               15 |             37 |
|  cpu_clk                                          | chip_inst/cpu/IF/tags_reg[35][0][0]            | io_manager_inst/rst                   |               16 |             37 |
|  cpu_clk                                          | chip_inst/cpu/IF/tags_reg[3][0][0]             | io_manager_inst/rst                   |               20 |             37 |
|  cpu_clk                                          | chip_inst/cpu/IF/tags_reg[90][0][0]            | io_manager_inst/rst                   |               14 |             37 |
|  cpu_clk                                          | chip_inst/cpu/IF/tags_reg[83][0][0]            | io_manager_inst/rst                   |               16 |             37 |
|  cpu_clk                                          | chip_inst/cpu/IF/tags_reg[88][0][0]            | io_manager_inst/rst                   |               14 |             37 |
|  cpu_clk                                          | chip_inst/cpu/IF/tags_reg[85][0][0]            | io_manager_inst/rst                   |               19 |             37 |
|  cpu_clk                                          | chip_inst/cpu/IF/tags_reg[91][0][0]            | io_manager_inst/rst                   |               14 |             37 |
|  cpu_clk                                          | chip_inst/cpu/IF/tags_reg[75][0][0]            | io_manager_inst/rst                   |               20 |             37 |
|  cpu_clk                                          | chip_inst/cpu/IF/tags_reg[9][0][0]             | io_manager_inst/rst                   |               28 |             37 |
|  cpu_clk                                          | chip_inst/cpu/IF/tags_reg[7][0][0]             | io_manager_inst/rst                   |               15 |             37 |
|  cpu_clk                                          | chip_inst/cpu/IF/tags_reg[69][0][0]            | io_manager_inst/rst                   |               18 |             37 |
|  cpu_clk                                          | chip_inst/cpu/IF/tags_reg[95][0][0]            | io_manager_inst/rst                   |               27 |             37 |
|  cpu_clk                                          | chip_inst/cpu/IF/tags_reg[87][0][0]            | io_manager_inst/rst                   |               15 |             37 |
|  cpu_clk                                          | chip_inst/cpu/IF/tags_reg[79][0][0]            | io_manager_inst/rst                   |               26 |             37 |
|  cpu_clk                                          | chip_inst/cpu/IF/tags_reg[71][0][0]            | io_manager_inst/rst                   |               20 |             37 |
|  cpu_clk                                          | chip_inst/cpu/IF/tags_reg[93][0][0]            | io_manager_inst/rst                   |               19 |             37 |
|  cpu_clk                                          | chip_inst/cpu/IF/tags_reg[73][0][0]            | io_manager_inst/rst                   |               17 |             37 |
|  cpu_clk                                          | chip_inst/cpu/IF/tags_reg[96][0][0]            | io_manager_inst/rst                   |               14 |             37 |
|  cpu_clk                                          | chip_inst/cpu/IF/tags_reg[76][0][0]            | io_manager_inst/rst                   |               13 |             37 |
|  cpu_clk                                          | chip_inst/cpu/IF/tags_reg[74][0][0]            | io_manager_inst/rst                   |               25 |             37 |
|  cpu_clk                                          | chip_inst/cpu/IF/tags_reg[68][0][0]            | io_manager_inst/rst                   |               17 |             37 |
|  cpu_clk                                          | chip_inst/cpu/IF/tags_reg[80][0][0]            | io_manager_inst/rst                   |               14 |             37 |
|  cpu_clk                                          | chip_inst/cpu/IF/tags_reg[86][0][0]            | io_manager_inst/rst                   |               18 |             37 |
|  cpu_clk                                          | chip_inst/cpu/IF/tags_reg[92][0][0]            | io_manager_inst/rst                   |               17 |             37 |
|  cpu_clk                                          | chip_inst/cpu/IF/tags_reg[78][0][0]            | io_manager_inst/rst                   |               24 |             37 |
|  cpu_clk                                          | chip_inst/cpu/IF/tags_reg[98][0][0]            | io_manager_inst/rst                   |               20 |             37 |
|  cpu_clk                                          | chip_inst/cpu/IF/tags_reg[99][0][0]            | io_manager_inst/rst                   |               23 |             37 |
|  cpu_clk                                          | chip_inst/cpu/IF/tags_reg[6][0][0]             | io_manager_inst/rst                   |               17 |             37 |
|  cpu_clk                                          | chip_inst/cpu/IF/tags_reg[77][0][0]            | io_manager_inst/rst                   |               18 |             37 |
|  cpu_clk                                          | chip_inst/cpu/IF/tags_reg[94][0][0]            | io_manager_inst/rst                   |               24 |             37 |
|  cpu_clk                                          | chip_inst/cpu/IF/tags_reg[70][0][0]            | io_manager_inst/rst                   |               14 |             37 |
|  cpu_clk                                          | chip_inst/cpu/IF/tags_reg[89][0][0]            | io_manager_inst/rst                   |               15 |             37 |
|  cpu_clk                                          | chip_inst/cpu/IF/tags_reg[72][0][0]            | io_manager_inst/rst                   |               17 |             37 |
|  cpu_clk                                          | chip_inst/cpu/IF/tags_reg[81][0][0]            | io_manager_inst/rst                   |               13 |             37 |
|  cpu_clk                                          | chip_inst/cpu/IF/tags_reg[8][0][0]             | io_manager_inst/rst                   |               23 |             37 |
|  cpu_clk                                          | chip_inst/cpu/IF/tags_reg[84][0][0]            | io_manager_inst/rst                   |               18 |             37 |
|  cpu_clk                                          | chip_inst/cpu/IF/tags_reg[97][0][0]            | io_manager_inst/rst                   |               17 |             37 |
|  cpu_clk                                          | chip_inst/cpu/ex_mem/E[0]                      | io_manager_inst/rst                   |               29 |             37 |
|  cpu_clk                                          | chip_inst/cpu/ex_mem/valid_reg[103][0]         | io_manager_inst/rst                   |               18 |             37 |
|  cpu_clk                                          | chip_inst/cpu/IF/tags_reg[119][0][0]           | io_manager_inst/rst                   |               16 |             37 |
|  cpu_clk                                          | chip_inst/cpu/ex_mem/valid_reg[105][0]         | io_manager_inst/rst                   |               17 |             37 |
|  cpu_clk                                          | chip_inst/cpu/ex_mem/valid_reg[106][0]         | io_manager_inst/rst                   |               18 |             37 |
|  cpu_clk                                          | chip_inst/cpu/ex_mem/valid_reg[101][0]         | io_manager_inst/rst                   |               22 |             37 |
|  cpu_clk                                          | chip_inst/cpu/ex_mem/valid_reg[104][0]         | io_manager_inst/rst                   |               16 |             37 |
|  cpu_clk                                          | chip_inst/cpu/ex_mem/valid_reg[107][0]         | io_manager_inst/rst                   |               19 |             37 |
|  cpu_clk                                          | chip_inst/cpu/ex_mem/valid_reg[100][0]         | io_manager_inst/rst                   |               25 |             37 |
|  cpu_clk                                          | chip_inst/cpu/ex_mem/valid_reg[102][0]         | io_manager_inst/rst                   |               20 |             37 |
|  cpu_clk                                          | chip_inst/cpu/ex_mem/valid_reg[31][0]          | io_manager_inst/rst                   |               25 |             37 |
|  cpu_clk                                          | chip_inst/cpu/ex_mem/valid_reg[41][0]          | io_manager_inst/rst                   |               22 |             37 |
|  cpu_clk                                          | chip_inst/cpu/ex_mem/valid_reg[114][0]         | io_manager_inst/rst                   |               22 |             37 |
|  cpu_clk                                          | chip_inst/cpu/ex_mem/valid_reg[120][0]         | io_manager_inst/rst                   |               21 |             37 |
|  cpu_clk                                          | chip_inst/cpu/ex_mem/valid_reg[117][0]         | io_manager_inst/rst                   |               17 |             37 |
|  cpu_clk                                          | chip_inst/cpu/ex_mem/valid_reg[126][0]         | io_manager_inst/rst                   |               21 |             37 |
|  cpu_clk                                          | chip_inst/cpu/ex_mem/valid_reg[121][0]         | io_manager_inst/rst                   |               18 |             37 |
|  cpu_clk                                          | chip_inst/cpu/ex_mem/valid_reg[17][0]          | io_manager_inst/rst                   |               20 |             37 |
|  cpu_clk                                          | chip_inst/cpu/ex_mem/valid_reg[1][0]           | io_manager_inst/rst                   |               22 |             37 |
|  cpu_clk                                          | chip_inst/cpu/ex_mem/valid_reg[21][0]          | io_manager_inst/rst                   |               19 |             37 |
|  cpu_clk                                          | chip_inst/cpu/ex_mem/valid_reg[24][0]          | io_manager_inst/rst                   |               15 |             37 |
|  cpu_clk                                          | chip_inst/cpu/ex_mem/valid_reg[23][0]          | io_manager_inst/rst                   |               14 |             37 |
|  cpu_clk                                          | chip_inst/cpu/ex_mem/valid_reg[25][0]          | io_manager_inst/rst                   |               21 |             37 |
|  cpu_clk                                          | chip_inst/cpu/ex_mem/valid_reg[27][0]          | io_manager_inst/rst                   |               17 |             37 |
|  cpu_clk                                          | chip_inst/cpu/ex_mem/valid_reg[112][0]         | io_manager_inst/rst                   |               26 |             37 |
|  cpu_clk                                          | chip_inst/cpu/ex_mem/valid_reg[10][0]          | io_manager_inst/rst                   |               17 |             37 |
|  cpu_clk                                          | chip_inst/cpu/ex_mem/valid_reg[37][0]          | io_manager_inst/rst                   |               19 |             37 |
|  cpu_clk                                          | chip_inst/cpu/ex_mem/valid_reg[43][0]          | io_manager_inst/rst                   |               21 |             37 |
|  cpu_clk                                          | chip_inst/cpu/ex_mem/valid_reg[125][0]         | io_manager_inst/rst                   |               18 |             37 |
|  cpu_clk                                          | chip_inst/cpu/ex_mem/valid_reg[108][0]         | io_manager_inst/rst                   |               18 |             37 |
|  cpu_clk                                          | chip_inst/cpu/ex_mem/valid_reg[49][0]          | io_manager_inst/rst                   |               24 |             37 |
|  cpu_clk                                          | chip_inst/cpu/ex_mem/valid_reg[111][0]         | io_manager_inst/rst                   |               20 |             37 |
|  cpu_clk                                          | chip_inst/cpu/ex_mem/valid_reg[4][0]           | io_manager_inst/rst                   |               16 |             37 |
|  cpu_clk                                          | chip_inst/cpu/ex_mem/valid_reg[123][0]         | io_manager_inst/rst                   |               16 |             37 |
|  cpu_clk                                          | chip_inst/cpu/ex_mem/valid_reg[18][0]          | io_manager_inst/rst                   |               18 |             37 |
|  cpu_clk                                          | chip_inst/cpu/ex_mem/valid_reg[110][0]         | io_manager_inst/rst                   |               18 |             37 |
|  cpu_clk                                          | chip_inst/cpu/ex_mem/valid_reg[115][0]         | io_manager_inst/rst                   |               21 |             37 |
|  cpu_clk                                          | chip_inst/cpu/ex_mem/valid_reg[122][0]         | io_manager_inst/rst                   |               19 |             37 |
|  cpu_clk                                          | chip_inst/cpu/ex_mem/valid_reg[12][0]          | io_manager_inst/rst                   |               19 |             37 |
|  cpu_clk                                          | chip_inst/cpu/ex_mem/valid_reg[28][0]          | io_manager_inst/rst                   |               19 |             37 |
|  cpu_clk                                          | chip_inst/cpu/IF/tags_reg[82][0][0]            | io_manager_inst/rst                   |               17 |             37 |
|  clk_IBUF_BUFG                                    | io_manager_inst/bdr/reset_cnt                  | io_manager_inst/bdr/reset_cnt_reg[39] |               10 |             40 |
|  cpu_clk                                          | chip_inst/cpu/pcmux/if_pcc_reg[31]             | io_manager_inst/rst                   |               24 |             60 |
|  cpu_clk                                          | chip_inst/cpu/IF_ID/id_pc[31]_i_1_n_1          | io_manager_inst/rst                   |               19 |             71 |
|  cpu_clk                                          |                                                | io_manager_inst/rst                   |               66 |            140 |
|  cpu_clk                                          | chip_inst/Cache/wb_alu2res_reg[0]              | io_manager_inst/rst                   |              168 |            480 |
+---------------------------------------------------+------------------------------------------------+---------------------------------------+------------------+----------------+


+--------+-----------------------+
| Fanout | Number of ControlSets |
+--------+-----------------------+
| 2      |                     1 |
| 3      |                     1 |
| 5      |                     1 |
| 11     |                     1 |
| 16+    |                   306 |
+--------+-----------------------+


